

                                                                allins                                                          Page 1


      Program  Variable Code              C Line Source
      -----------------------------------------------------------------------------------------------------------------------------------
      00000000 00000000                        1 !!!!!!!!!!!!!!!!!!!!!!!!!!!!!!!!!!!!!!!!!!!!!!!!!!!!!!!!!!!!!!!!!!!!!!!!!!!!!!!
      00000000 00000000                        2 !                                                                             !
      00000000 00000000                        3 !                          Z80 ASSEMBER TEST FILE                             !
      00000000 00000000                        4 !                                                                             !
      00000000 00000000                        5 ! Contains all of the z80 operations possible, in opcode numerical order.     !
      00000000 00000000                        6 ! Listing in this way has two advantages. One, it is easier to look up by     !
      00000000 00000000                        7 ! opcode, and two, it can be sorted into alphabetical order, whereas the      !
      00000000 00000000                        8 ! converse is not possible.                                                   !
      00000000 00000000                        9 ! This list was copied out of the Zilog Z80 manual. To check proper assembler !
      00000000 00000000                       10 ! operation, this file is assembled, a listing containing all generated code  !
      00000000 00000000                       11 ! is made, and the result hand checked verses the book.                       !
      00000000 00000000                       12 !                                                                             !
      00000000 00000000                       13 !!!!!!!!!!!!!!!!!!!!!!!!!!!!!!!!!!!!!!!!!!!!!!!!!!!!!!!!!!!!!!!!!!!!!!!!!!!!!!!
      00000000 00000000                       14 
      00000000 00000000 00                    15  nop
      00000001 00000000 01 00 00              16  ld bc,nn
      00000004 00000000 02                    17  ld (bc),a
      00000005 00000000 03                    18  inc bc
      00000006 00000000 04                    19  inc b
      00000007 00000000 05                    20  dec b
      00000008 00000000 06 00                 21  ld b,n
      0000000A 00000000 07                    22  rlca
      0000000B 00000000 08                    23  ex af,af'
      0000000C 00000000 09                    24  add hl,bc
      0000000D 00000000 0A                    25  ld a,(bc)
      0000000E 00000000 0B                    26  dec bc
      0000000F 00000000 0C                    27  inc c
      00000010 00000000 0D                    28  dec c
      00000011 00000000 0E 00                 29  ld c,n
      00000013 00000000 0F                    30  rrca
      00000014 00000000 10 00                 31  djnz dis
      00000016 00000000 11 00 00              32  ld de,nn
      00000019 00000000 12                    33  ld (de),a
      0000001A 00000000 13                    34  inc de
      0000001B 00000000 14                    35  inc d
      0000001C 00000000 15                    36  dec d
      0000001D 00000000 16 00                 37  ld d,n
      0000001F 00000000 17                    38  rla
      00000020 00000000 18 00                 39  jr dis
      00000022 00000000 19                    40  add hl,de
      00000023 00000000 1A                    41  ld a,(de)
      00000024 00000000 1B                    42  dec de
      00000025 00000000 1C                    43  inc e
      00000026 00000000 1D                    44  dec e
      00000027 00000000 1E 00                 45  ld e,n
      00000029 00000000 1F                    46  rra
      0000002A 00000000 20 00                 47  jr nz,dis
      0000002C 00000000 21 00 00              48  ld hl,nn
      0000002F 00000000 22 00 00              49  ld (nn),hl
      00000032 00000000 23                    50  inc hl
      00000033 00000000 24                    51  inc h
      00000034 00000000 25                    52  dec h
      00000035 00000000 26 00                 53  ld h,n
      00000037 00000000 27                    54  daa
      00000038 00000000 28 00                 55  jr z,dis
      0000003A 00000000 29                    56  add hl,hl
      0000003B 00000000 2A 00 00              57  ld hl,(nn)
      0000003E 00000000 2B                    58  dec hl
      0000003F 00000000 2C                    59  inc l
      00000040 00000000 2D                    60  dec l
      00000041 00000000 2E 00                 61  ld l,n
      00000043 00000000 2F                    62  cpl
      00000044 00000000 30 00                 63  jr nc,dis
      00000046 00000000 31 00 00              64  ld sp,nn
      00000049 00000000 32 00 00              65  ld (nn),a
      0000004C 00000000 33                    66  inc sp
      0000004D 00000000 34                    67  inc (hl)
      0000004E 00000000 35                    68  dec (hl)
      0000004F 00000000 36 00                 69  ld (hl),n
      00000051 00000000 37                    70  scf
      00000052 00000000 38 00                 71  jr c,dis
      00000054 00000000 39                    72  add hl,sp
      00000055 00000000 3A 00 00              73  ld a,(nn)
      00000058 00000000 3B                    74  dec sp
      00000059 00000000 3C                    75  inc a
      0000005A 00000000 3D                    76  dec a
      0000005B 00000000 3E 00                 77  ld a,n
      0000005D 00000000 3F                    78  ccf
      0000005E 00000000 40                    79  ld b,b
      0000005F 00000000 41                    80  ld b,c
      00000060 00000000 42                    81  ld b,d
      00000061 00000000 43                    82  ld b,e
      00000062 00000000 44                    83  ld b,h
      00000063 00000000 45                    84  ld b,l
      00000064 00000000 46                    85  ld b,(hl)
      00000065 00000000 47                    86  ld b,a


                                                                allins                                                          Page 2


      Program  Variable Code              C Line Source
      -----------------------------------------------------------------------------------------------------------------------------------
      00000066 00000000 48                    87  ld c,b
      00000067 00000000 49                    88  ld c,c
      00000068 00000000 4A                    89  ld c,d
      00000069 00000000 4B                    90  ld c,e
      0000006A 00000000 4C                    91  ld c,h
      0000006B 00000000 4D                    92  ld c,l
      0000006C 00000000 4E                    93  ld c,(hl)
      0000006D 00000000 4F                    94  ld c,a
      0000006E 00000000 50                    95  ld d,b
      0000006F 00000000 51                    96  ld d,c
      00000070 00000000 52                    97  ld d,d
      00000071 00000000 53                    98  ld d,e
      00000072 00000000 54                    99  ld d,h
      00000073 00000000 55                   100  ld d,l
      00000074 00000000 56                   101  ld d,(hl)
      00000075 00000000 57                   102  ld d,a
      00000076 00000000 58                   103  ld e,b
      00000077 00000000 59                   104  ld e,c
      00000078 00000000 5A                   105  ld e,d
      00000079 00000000 5B                   106  ld e,e
      0000007A 00000000 5C                   107  ld e,h
      0000007B 00000000 5D                   108  ld e,l
      0000007C 00000000 5E                   109  ld e,(hl)
      0000007D 00000000 5F                   110  ld e,a
      0000007E 00000000 60                   111  ld h,b
      0000007F 00000000 61                   112  ld h,c
      00000080 00000000 62                   113  ld h,d
      00000081 00000000 63                   114  ld h,e
      00000082 00000000 64                   115  ld h,h
      00000083 00000000 65                   116  ld h,l
      00000084 00000000 66                   117  ld h,(hl)
      00000085 00000000 67                   118  ld h,a
      00000086 00000000 68                   119  ld l,b
      00000087 00000000 69                   120  ld l,c
      00000088 00000000 6A                   121  ld l,d
      00000089 00000000 6B                   122  ld l,e
      0000008A 00000000 6C                   123  ld l,h
      0000008B 00000000 6D                   124  ld l,l
      0000008C 00000000 6E                   125  ld l,(hl)
      0000008D 00000000 6F                   126  ld l,a
      0000008E 00000000 70                   127  ld (hl),b
      0000008F 00000000 71                   128  ld (hl),c
      00000090 00000000 72                   129  ld (hl),d
      00000091 00000000 73                   130  ld (hl),e
      00000092 00000000 74                   131  ld (hl),h
      00000093 00000000 75                   132  ld (hl),l
      00000094 00000000 76                   133  halt
      00000095 00000000 77                   134  ld (hl),a
      00000096 00000000 78                   135  ld a,b
      00000097 00000000 79                   136  ld a,c
      00000098 00000000 7A                   137  ld a,d
      00000099 00000000 7B                   138  ld a,e
      0000009A 00000000 7C                   139  ld a,h
      0000009B 00000000 7D                   140  ld a,l
      0000009C 00000000 7E                   141  ld a,(hl)
      0000009D 00000000 7F                   142  ld a,a
      0000009E 00000000 80                   143  add a,b
      0000009F 00000000 81                   144  add a,c
      000000A0 00000000 82                   145  add a,d
      000000A1 00000000 83                   146  add a,e
      000000A2 00000000 84                   147  add a,h
      000000A3 00000000 85                   148  add a,l
      000000A4 00000000 86                   149  add a,(hl)
      000000A5 00000000 87                   150  add a,a
      000000A6 00000000 88                   151  adc a,b
      000000A7 00000000 89                   152  adc a,c
      000000A8 00000000 8A                   153  adc a,d
      000000A9 00000000 8B                   154  adc a,e
      000000AA 00000000 8C                   155  adc a,h
      000000AB 00000000 8D                   156  adc a,l
      000000AC 00000000 8E                   157  adc a,(hl)
      000000AD 00000000 8F                   158  adc a,a
      000000AE 00000000 90                   159  sub b
      000000AF 00000000 91                   160  sub c
      000000B0 00000000 92                   161  sub d
      000000B1 00000000 93                   162  sub e
      000000B2 00000000 94                   163  sub h
      000000B3 00000000 95                   164  sub l
      000000B4 00000000 96                   165  sub (hl)
      000000B5 00000000 97                   166  sub a
      000000B6 00000000 98                   167  sbc a,b
      000000B7 00000000 99                   168  sbc a,c
      000000B8 00000000 9A                   169  sbc a,d
      000000B9 00000000 9B                   170  sbc a,e
      000000BA 00000000 9C                   171  sbc a,h
      000000BB 00000000 9D                   172  sbc a,l


                                                                allins                                                          Page 3


      Program  Variable Code              C Line Source
      -----------------------------------------------------------------------------------------------------------------------------------
      000000BC 00000000 9E                   173  sbc a,(hl)
      000000BD 00000000 9F                   174  sbc a,a
      000000BE 00000000 A0                   175  and b
      000000BF 00000000 A1                   176  and c
      000000C0 00000000 A2                   177  and d
      000000C1 00000000 A3                   178  and e
      000000C2 00000000 A4                   179  and h
      000000C3 00000000 A5                   180  and l
      000000C4 00000000 A6                   181  and (hl)
      000000C5 00000000 A7                   182  and a
      000000C6 00000000 A8                   183  xor b
      000000C7 00000000 A9                   184  xor c
      000000C8 00000000 AA                   185  xor d
      000000C9 00000000 AB                   186  xor e
      000000CA 00000000 AC                   187  xor h
      000000CB 00000000 AD                   188  xor l
      000000CC 00000000 AE                   189  xor (hl)
      000000CD 00000000 AF                   190  xor a
      000000CE 00000000 B0                   191  or b
      000000CF 00000000 B1                   192  or c
      000000D0 00000000 B2                   193  or d
      000000D1 00000000 B3                   194  or e
      000000D2 00000000 B4                   195  or h
      000000D3 00000000 B5                   196  or l
      000000D4 00000000 B6                   197  or (hl)
      000000D5 00000000 B7                   198  or a
      000000D6 00000000 B8                   199  cp b
      000000D7 00000000 B9                   200  cp c
      000000D8 00000000 BA                   201  cp d
      000000D9 00000000 BB                   202  cp e
      000000DA 00000000 BC                   203  cp h
      000000DB 00000000 BD                   204  cp l
      000000DC 00000000 BE                   205  cp (hl)
      000000DD 00000000 BF                   206  cp a
      000000DE 00000000 C0                   207  ret nz
      000000DF 00000000 C1                   208  pop bc
      000000E0 00000000 C2 00 00             209  jp nz,nn
      000000E3 00000000 C3 00 00             210  jp nn
      000000E6 00000000 C4 00 00             211  call nz,nn
      000000E9 00000000 C5                   212  push bc
      000000EA 00000000 C6 00                213  add a,n
      000000EC 00000000 C7                   214  rst 0
      000000ED 00000000 C8                   215  ret z
      000000EE 00000000 C9                   216  ret
      000000EF 00000000 CA 00 00             217  jp z,nn
      000000F2 00000000 CC 00 00             218  call z,nn
      000000F5 00000000 CD 00 00             219  call nn
      000000F8 00000000 CE 00                220  adc a,n
      000000FA 00000000 CF                   221  rst 8
      000000FB 00000000 D0                   222  ret nc
      000000FC 00000000 D1                   223  pop de
      000000FD 00000000 D2 00 00             224  jp nc,nn
      00000100 00000000 D3 00                225  out (n),a
      00000102 00000000 D4 00 00             226  call nc,nn
      00000105 00000000 D5                   227  push de
      00000106 00000000 D6 00                228  sub n
      00000108 00000000 D7                   229  rst $10
      00000109 00000000 D8                   230  ret c
      0000010A 00000000 D9                   231  exx
      0000010B 00000000 DA 00 00             232  jp c,nn
      0000010E 00000000 DB 00                233  in a,(n)
      00000110 00000000 DC 00 00             234  call c,nn
      00000113 00000000 DE 00                235  sbc a,n
      00000115 00000000 DF                   236  rst $18
      00000116 00000000 E0                   237  ret po
      00000117 00000000 E1                   238  pop hl
      00000118 00000000 E2 00 00             239  jp po,nn
      0000011B 00000000 E3                   240  ex (sp),hl
      0000011C 00000000 E4 00 00             241  call po,nn
      0000011F 00000000 E5                   242  push hl
      00000120 00000000 E6 00                243  and n
      00000122 00000000 E7                   244  rst $20
      00000123 00000000 E8                   245  ret pe
      00000124 00000000 E9                   246  jp (hl)
      00000125 00000000 EA 00 00             247  jp pe,nn
      00000128 00000000 EB                   248  ex de,hl
      00000129 00000000 EC 00 00             249  call pe,nn
      0000012C 00000000 EE 00                250  xor n
      0000012E 00000000 EF                   251  rst $28
      0000012F 00000000 F0                   252  ret p
      00000130 00000000 F1                   253  pop af
      00000131 00000000 F2 00 00             254  jp p,nn
      00000134 00000000 F3                   255  di
      00000135 00000000 F4 00 00             256  call p,nn
      00000138 00000000 F5                   257  push af
      00000139 00000000 F6 00                258  or n


                                                                allins                                                          Page 4


      Program  Variable Code              C Line Source
      -----------------------------------------------------------------------------------------------------------------------------------
      0000013B 00000000 F7                   259  rst $30
      0000013C 00000000 F8                   260  ret m
      0000013D 00000000 F9                   261  ld sp,hl
      0000013E 00000000 FA 00 00             262  jp m,nn
      00000141 00000000 FB                   263  ei
      00000142 00000000 FC 00 00             264  call m,nn
      00000145 00000000 FE 00                265  cp n
      00000147 00000000 FF                   266  rst $38
      00000148 00000000 CB 00                267  rlc b
      0000014A 00000000 CB 01                268  rlc c
      0000014C 00000000 CB 02                269  rlc d
      0000014E 00000000 CB 03                270  rlc e
      00000150 00000000 CB 04                271  rlc h
      00000152 00000000 CB 05                272  rlc l
      00000154 00000000 CB 06                273  rlc (hl)
      00000156 00000000 CB 07                274  rlc a
      00000158 00000000 CB 08                275  rrc b
      0000015A 00000000 CB 09                276  rrc c
      0000015C 00000000 CB 0A                277  rrc d
      0000015E 00000000 CB 0B                278  rrc e
      00000160 00000000 CB 0C                279  rrc h
      00000162 00000000 CB 0D                280  rrc l
      00000164 00000000 CB 0E                281  rrc (hl)
      00000166 00000000 CB 0F                282  rrc a
      00000168 00000000 CB 10                283  rl b
      0000016A 00000000 CB 11                284  rl c
      0000016C 00000000 CB 12                285  rl d
      0000016E 00000000 CB 13                286  rl e
      00000170 00000000 CB 14                287  rl h
      00000172 00000000 CB 15                288  rl l
      00000174 00000000 CB 16                289  rl (hl)
      00000176 00000000 CB 17                290  rl a
      00000178 00000000 CB 18                291  rr b
      0000017A 00000000 CB 19                292  rr c
      0000017C 00000000 CB 1A                293  rr d
      0000017E 00000000 CB 1B                294  rr e
      00000180 00000000 CB 1C                295  rr h
      00000182 00000000 CB 1D                296  rr l
      00000184 00000000 CB 1E                297  rr (hl)
      00000186 00000000 CB 1F                298  rr a
      00000188 00000000 CB 20                299  sla b
      0000018A 00000000 CB 21                300  sla c
      0000018C 00000000 CB 22                301  sla d
      0000018E 00000000 CB 23                302  sla e
      00000190 00000000 CB 24                303  sla h
      00000192 00000000 CB 25                304  sla l
      00000194 00000000 CB 26                305  sla (hl)
      00000196 00000000 CB 27                306  sla a
      00000198 00000000 CB 28                307  sra b
      0000019A 00000000 CB 29                308  sra c
      0000019C 00000000 CB 2A                309  sra d
      0000019E 00000000 CB 2B                310  sra e
      000001A0 00000000 CB 2C                311  sra h
      000001A2 00000000 CB 2D                312  sra l
      000001A4 00000000 CB 2E                313  sra (hl)
      000001A6 00000000 CB 2F                314  sra a
      000001A8 00000000 CB 38                315  srl b
      000001AA 00000000 CB 39                316  srl c
      000001AC 00000000 CB 3A                317  srl d
      000001AE 00000000 CB 3B                318  srl e
      000001B0 00000000 CB 3C                319  srl h
      000001B2 00000000 CB 3D                320  srl l
      000001B4 00000000 CB 3E                321  srl (hl)
      000001B6 00000000 CB 3F                322  srl a
      000001B8 00000000 CB 40                323  bit 0,b
      000001BA 00000000 CB 41                324  bit 0,c
      000001BC 00000000 CB 42                325  bit 0,d
      000001BE 00000000 CB 43                326  bit 0,e
      000001C0 00000000 CB 44                327  bit 0,h
      000001C2 00000000 CB 45                328  bit 0,l
      000001C4 00000000 CB 46                329  bit 0,(hl)
      000001C6 00000000 CB 47                330  bit 0,a
      000001C8 00000000 CB 48                331  bit 1,b
      000001CA 00000000 CB 49                332  bit 1,c
      000001CC 00000000 CB 4A                333  bit 1,d
      000001CE 00000000 CB 4B                334  bit 1,e
      000001D0 00000000 CB 4C                335  bit 1,h
      000001D2 00000000 CB 4D                336  bit 1,l
      000001D4 00000000 CB 4E                337  bit 1,(hl)
      000001D6 00000000 CB 4F                338  bit 1,a
      000001D8 00000000 CB 50                339  bit 2,b
      000001DA 00000000 CB 51                340  bit 2,c
      000001DC 00000000 CB 52                341  bit 2,d
      000001DE 00000000 CB 53                342  bit 2,e
      000001E0 00000000 CB 54                343  bit 2,h
      000001E2 00000000 CB 55                344  bit 2,l


                                                                allins                                                          Page 5


      Program  Variable Code              C Line Source
      -----------------------------------------------------------------------------------------------------------------------------------
      000001E4 00000000 CB 56                345  bit 2,(hl)
      000001E6 00000000 CB 57                346  bit 2,a
      000001E8 00000000 CB 58                347  bit 3,b
      000001EA 00000000 CB 59                348  bit 3,c
      000001EC 00000000 CB 5A                349  bit 3,d
      000001EE 00000000 CB 5B                350  bit 3,e
      000001F0 00000000 CB 5C                351  bit 3,h
      000001F2 00000000 CB 5D                352  bit 3,l
      000001F4 00000000 CB 5E                353  bit 3,(hl)
      000001F6 00000000 CB 5F                354  bit 3,a
      000001F8 00000000 CB 60                355  bit 4,b
      000001FA 00000000 CB 61                356  bit 4,c
      000001FC 00000000 CB 62                357  bit 4,d
      000001FE 00000000 CB 63                358  bit 4,e
      00000200 00000000 CB 64                359  bit 4,h
      00000202 00000000 CB 65                360  bit 4,l
      00000204 00000000 CB 66                361  bit 4,(hl)
      00000206 00000000 CB 67                362  bit 4,a
      00000208 00000000 CB 68                363  bit 5,b
      0000020A 00000000 CB 69                364  bit 5,c
      0000020C 00000000 CB 6A                365  bit 5,d
      0000020E 00000000 CB 6B                366  bit 5,e
      00000210 00000000 CB 6C                367  bit 5,h
      00000212 00000000 CB 6D                368  bit 5,l
      00000214 00000000 CB 6E                369  bit 5,(hl)
      00000216 00000000 CB 6F                370  bit 5,a
      00000218 00000000 CB 70                371  bit 6,b
      0000021A 00000000 CB 71                372  bit 6,c
      0000021C 00000000 CB 72                373  bit 6,d
      0000021E 00000000 CB 73                374  bit 6,e
      00000220 00000000 CB 74                375  bit 6,h
      00000222 00000000 CB 75                376  bit 6,l
      00000224 00000000 CB 76                377  bit 6,(hl)
      00000226 00000000 CB 77                378  bit 6,a
      00000228 00000000 CB 78                379  bit 7,b
      0000022A 00000000 CB 79                380  bit 7,c
      0000022C 00000000 CB 7A                381  bit 7,d
      0000022E 00000000 CB 7B                382  bit 7,e
      00000230 00000000 CB 7C                383  bit 7,h
      00000232 00000000 CB 7D                384  bit 7,l
      00000234 00000000 CB 7E                385  bit 7,(hl)
      00000236 00000000 CB 7F                386  bit 7,a
      00000238 00000000 CB 80                387  res 0,b
      0000023A 00000000 CB 81                388  res 0,c
      0000023C 00000000 CB 82                389  res 0,d
      0000023E 00000000 CB 83                390  res 0,e
      00000240 00000000 CB 84                391  res 0,h
      00000242 00000000 CB 85                392  res 0,l
      00000244 00000000 CB 86                393  res 0,(hl)
      00000246 00000000 CB 87                394  res 0,a
      00000248 00000000 CB 88                395  res 1,b
      0000024A 00000000 CB 89                396  res 1,c
      0000024C 00000000 CB 8A                397  res 1,d
      0000024E 00000000 CB 8B                398  res 1,e
      00000250 00000000 CB 8C                399  res 1,h
      00000252 00000000 CB 8D                400  res 1,l
      00000254 00000000 CB 8E                401  res 1,(hl)
      00000256 00000000 CB 8F                402  res 1,a
      00000258 00000000 CB 90                403  res 2,b
      0000025A 00000000 CB 91                404  res 2,c
      0000025C 00000000 CB 92                405  res 2,d
      0000025E 00000000 CB 93                406  res 2,e
      00000260 00000000 CB 94                407  res 2,h
      00000262 00000000 CB 95                408  res 2,l
      00000264 00000000 CB 96                409  res 2,(hl)
      00000266 00000000 CB 97                410  res 2,a
      00000268 00000000 CB 98                411  res 3,b
      0000026A 00000000 CB 99                412  res 3,c
      0000026C 00000000 CB 9A                413  res 3,d
      0000026E 00000000 CB 9B                414  res 3,e
      00000270 00000000 CB 9C                415  res 3,h
      00000272 00000000 CB 9D                416  res 3,l
      00000274 00000000 CB 9E                417  res 3,(hl)
      00000276 00000000 CB 9F                418  res 3,a
      00000278 00000000 CB A0                419  res 4,b
      0000027A 00000000 CB A1                420  res 4,c
      0000027C 00000000 CB A2                421  res 4,d
      0000027E 00000000 CB A3                422  res 4,e
      00000280 00000000 CB A4                423  res 4,h
      00000282 00000000 CB A5                424  res 4,l
      00000284 00000000 CB A6                425  res 4,(hl)
      00000286 00000000 CB A7                426  res 4,a
      00000288 00000000 CB A8                427  res 5,b
      0000028A 00000000 CB A9                428  res 5,c
      0000028C 00000000 CB AA                429  res 5,d
      0000028E 00000000 CB AB                430  res 5,e


                                                                allins                                                          Page 6


      Program  Variable Code              C Line Source
      -----------------------------------------------------------------------------------------------------------------------------------
      00000290 00000000 CB AC                431  res 5,h
      00000292 00000000 CB AD                432  res 5,l
      00000294 00000000 CB AE                433  res 5,(hl)
      00000296 00000000 CB AF                434  res 5,a
      00000298 00000000 CB B0                435  res 6,b
      0000029A 00000000 CB B1                436  res 6,c
      0000029C 00000000 CB B2                437  res 6,d
      0000029E 00000000 CB B3                438  res 6,e
      000002A0 00000000 CB B4                439  res 6,h
      000002A2 00000000 CB B5                440  res 6,l
      000002A4 00000000 CB B6                441  res 6,(hl)
      000002A6 00000000 CB B7                442  res 6,a
      000002A8 00000000 CB B8                443  res 7,b
      000002AA 00000000 CB B9                444  res 7,c
      000002AC 00000000 CB BA                445  res 7,d
      000002AE 00000000 CB BB                446  res 7,e
      000002B0 00000000 CB BC                447  res 7,h
      000002B2 00000000 CB BD                448  res 7,l
      000002B4 00000000 CB BE                449  res 7,(hl)
      000002B6 00000000 CB BF                450  res 7,a
      000002B8 00000000 CB C0                451  set 0,b
      000002BA 00000000 CB C1                452  set 0,c
      000002BC 00000000 CB C2                453  set 0,d
      000002BE 00000000 CB C3                454  set 0,e
      000002C0 00000000 CB C4                455  set 0,h
      000002C2 00000000 CB C5                456  set 0,l
      000002C4 00000000 CB C6                457  set 0,(hl)
      000002C6 00000000 CB C7                458  set 0,a
      000002C8 00000000 CB C8                459  set 1,b
      000002CA 00000000 CB C9                460  set 1,c
      000002CC 00000000 CB CA                461  set 1,d
      000002CE 00000000 CB CB                462  set 1,e
      000002D0 00000000 CB CC                463  set 1,h
      000002D2 00000000 CB CD                464  set 1,l
      000002D4 00000000 CB CE                465  set 1,(hl)
      000002D6 00000000 CB CF                466  set 1,a
      000002D8 00000000 CB D0                467  set 2,b
      000002DA 00000000 CB D1                468  set 2,c
      000002DC 00000000 CB D2                469  set 2,d
      000002DE 00000000 CB D3                470  set 2,e
      000002E0 00000000 CB D4                471  set 2,h
      000002E2 00000000 CB D5                472  set 2,l
      000002E4 00000000 CB D6                473  set 2,(hl)
      000002E6 00000000 CB D7                474  set 2,a
      000002E8 00000000 CB D8                475  set 3,b
      000002EA 00000000 CB D9                476  set 3,c
      000002EC 00000000 CB DA                477  set 3,d
      000002EE 00000000 CB DB                478  set 3,e
      000002F0 00000000 CB DC                479  set 3,h
      000002F2 00000000 CB DD                480  set 3,l
      000002F4 00000000 CB DE                481  set 3,(hl)
      000002F6 00000000 CB DF                482  set 3,a
      000002F8 00000000 CB E0                483  set 4,b
      000002FA 00000000 CB E1                484  set 4,c
      000002FC 00000000 CB E2                485  set 4,d
      000002FE 00000000 CB E3                486  set 4,e
      00000300 00000000 CB E4                487  set 4,h
      00000302 00000000 CB E5                488  set 4,l
      00000304 00000000 CB E6                489  set 4,(hl)
      00000306 00000000 CB E7                490  set 4,a
      00000308 00000000 CB E8                491  set 5,b
      0000030A 00000000 CB E9                492  set 5,c
      0000030C 00000000 CB EA                493  set 5,d
      0000030E 00000000 CB EB                494  set 5,e
      00000310 00000000 CB EC                495  set 5,h
      00000312 00000000 CB ED                496  set 5,l
      00000314 00000000 CB EE                497  set 5,(hl)
      00000316 00000000 CB EF                498  set 5,a
      00000318 00000000 CB F0                499  set 6,b
      0000031A 00000000 CB F1                500  set 6,c
      0000031C 00000000 CB F2                501  set 6,d
      0000031E 00000000 CB F3                502  set 6,e
      00000320 00000000 CB F4                503  set 6,h
      00000322 00000000 CB F5                504  set 6,l
      00000324 00000000 CB F6                505  set 6,(hl)
      00000326 00000000 CB F7                506  set 6,a
      00000328 00000000 CB F8                507  set 7,b
      0000032A 00000000 CB F9                508  set 7,c
      0000032C 00000000 CB FA                509  set 7,d
      0000032E 00000000 CB FB                510  set 7,e
      00000330 00000000 CB FC                511  set 7,h
      00000332 00000000 CB FD                512  set 7,l
      00000334 00000000 CB FE                513  set 7,(hl)
      00000336 00000000 CB FF                514  set 7,a
      00000338 00000000 DD 09                515  add ix,bc
      0000033A 00000000 DD 19                516  add ix,de


                                                                allins                                                          Page 7


      Program  Variable Code              C Line Source
      -----------------------------------------------------------------------------------------------------------------------------------
      0000033C 00000000 DD 21 00 00          517  ld ix,nn
      00000340 00000000 DD 22 00 00          518  ld (nn),ix
      00000344 00000000 DD 23                519  inc ix
      00000346 00000000 DD 29                520  add ix,ix
      00000348 00000000 DD 2A 00 00          521  ld ix,(nn)
      0000034C 00000000 DD 2B                522  dec ix
      0000034E 00000000 DD 34 00             523  inc (ix+ind)
      00000351 00000000 DD 35 00             524  dec (ix+ind)
      00000354 00000000 DD 36 00 00          525  ld (ix+ind),n
      00000358 00000000 DD 39                526  add ix,sp
      0000035A 00000000 DD 46 00             527  ld b,(ix+ind)
      0000035D 00000000 DD 4E 00             528  ld c,(ix+ind)
      00000360 00000000 DD 56 00             529  ld d,(ix+ind)
      00000363 00000000 DD 5E 00             530  ld e,(ix+ind)
      00000366 00000000 DD 66 00             531  ld h,(ix+ind)
      00000369 00000000 DD 6E 00             532  ld l,(ix+ind)
      0000036C 00000000 DD 70 00             533  ld (ix+ind),b
      0000036F 00000000 DD 71 00             534  ld (ix+ind),c
      00000372 00000000 DD 72 00             535  ld (ix+ind),d
      00000375 00000000 DD 73 00             536  ld (ix+ind),e
      00000378 00000000 DD 74 00             537  ld (ix+ind),h
      0000037B 00000000 DD 75 00             538  ld (ix+ind),l
      0000037E 00000000 DD 77 00             539  ld (ix+ind),a
      00000381 00000000 DD 7E 00             540  ld a,(ix+ind)
      00000384 00000000 DD 86 00             541  add a,(ix+ind)
      00000387 00000000 DD 8E 00             542  adc a,(ix+ind)
      0000038A 00000000 DD 96 00             543  sub (ix+ind)
      0000038D 00000000 DD 9E 00             544  sbc a,(ix+ind)
      00000390 00000000 DD A6 00             545  and (ix+ind)
      00000393 00000000 DD AE 00             546  xor (ix+ind)
      00000396 00000000 DD B6 00             547  or (ix+ind)
      00000399 00000000 DD BE 00             548  cp (ix+ind)
      0000039C 00000000 DD E1                549  pop ix
      0000039E 00000000 DD E3                550  ex (sp),ix
      000003A0 00000000 DD E5                551  push ix
      000003A2 00000000 DD E9                552  jp (ix)
      000003A4 00000000 DD F9                553  ld sp,ix
      000003A6 00000000 DD CB 00 06          554  rlc (ix+ind)
      000003AA 00000000 DD CB 00 0E          555  rrc (ix+ind)
      000003AE 00000000 DD CB 00 16          556  rl (ix+ind)
      000003B2 00000000 DD CB 00 1E          557  rr (ix+ind)
      000003B6 00000000 DD CB 00 26          558  sla (ix+ind)
      000003BA 00000000 DD CB 00 2E          559  sra (ix+ind)
      000003BE 00000000 DD CB 00 3E          560  srl (ix+ind)
      000003C2 00000000 DD CB 00 46          561  bit 0,(ix+ind)
      000003C6 00000000 DD CB 00 4E          562  bit 1,(ix+ind)
      000003CA 00000000 DD CB 00 56          563  bit 2,(ix+ind)
      000003CE 00000000 DD CB 00 5E          564  bit 3,(ix+ind)
      000003D2 00000000 DD CB 00 66          565  bit 4,(ix+ind)
      000003D6 00000000 DD CB 00 6E          566  bit 5,(ix+ind)
      000003DA 00000000 DD CB 00 76          567  bit 6,(ix+ind)
      000003DE 00000000 DD CB 00 7E          568  bit 7,(ix+ind)
      000003E2 00000000 DD CB 00 86          569  res 0,(ix+ind)
      000003E6 00000000 DD CB 00 8E          570  res 1,(ix+ind)
      000003EA 00000000 DD CB 00 96          571  res 2,(ix+ind)
      000003EE 00000000 DD CB 00 9E          572  res 3,(ix+ind)
      000003F2 00000000 DD CB 00 A6          573  res 4,(ix+ind)
      000003F6 00000000 DD CB 00 AE          574  res 5,(ix+ind)
      000003FA 00000000 DD CB 00 B6          575  res 6,(ix+ind)
      000003FE 00000000 DD CB 00 BE          576  res 7,(ix+ind)
      00000402 00000000 DD CB 00 C6          577  set 0,(ix+ind)
      00000406 00000000 DD CB 00 CE          578  set 1,(ix+ind)
      0000040A 00000000 DD CB 00 D6          579  set 2,(ix+ind)
      0000040E 00000000 DD CB 00 DE          580  set 3,(ix+ind)
      00000412 00000000 DD CB 00 E6          581  set 4,(ix+ind)
      00000416 00000000 DD CB 00 EE          582  set 5,(ix+ind)
      0000041A 00000000 DD CB 00 F6          583  set 6,(ix+ind)
      0000041E 00000000 DD CB 00 FE          584  set 7,(ix+ind)
      00000422 00000000 ED 40                585  in b,(c)
      00000424 00000000 ED 41                586  out (c),b
      00000426 00000000 ED 42                587  sbc hl,bc
      00000428 00000000 ED 43 00 00          588  ld (nn),bc
      0000042C 00000000 ED 44                589  neg
      0000042E 00000000 ED 45                590  retn
      00000430 00000000 ED 46                591  im 0
      00000432 00000000 ED 47                592  ld i,a
      00000434 00000000 ED 48                593  in c,(c)
      00000436 00000000 ED 49                594  out (c),c
      00000438 00000000 ED 4A                595  adc hl,bc
      0000043A 00000000 ED 4B 00 00          596  ld bc,(nn)
      0000043E 00000000 ED 4D                597  reti
      00000440 00000000 ED 4F                598  ld r,a
      00000442 00000000 ED 50                599  in d,(c)
      00000444 00000000 ED 51                600  out (c),d
      00000446 00000000 ED 52                601  sbc hl,de
      00000448 00000000 ED 53 00 00          602  ld (nn),de


                                                                allins                                                          Page 8


      Program  Variable Code              C Line Source
      -----------------------------------------------------------------------------------------------------------------------------------
      0000044C 00000000 ED 56                603  im 1
      0000044E 00000000 ED 57                604  ld a,i
      00000450 00000000 ED 58                605  in e,(c)
      00000452 00000000 ED 59                606  out (c),e
      00000454 00000000 ED 5A                607  adc hl,de
      00000456 00000000 ED 5B 00 00          608  ld de,(nn)
      0000045A 00000000 ED 5E                609  im 2
      0000045C 00000000 ED 5F                610  ld a,r
      0000045E 00000000 ED 60                611  in h,(c)
      00000460 00000000 ED 61                612  out (c),h
      00000462 00000000 ED 62                613  sbc hl,hl
      00000464 00000000 ED 67                614  rrd
      00000466 00000000 ED 68                615  in l,(c)
      00000468 00000000 ED 69                616  out (c),l
      0000046A 00000000 ED 6A                617  adc hl,hl
      0000046C 00000000 ED 6F                618  rld
      0000046E 00000000 ED 72                619  sbc hl,sp
      00000470 00000000 ED 73 00 00          620  ld (nn),sp
      00000474 00000000 ED 78                621  in a,(c)
      00000476 00000000 ED 79                622  out (c),a
      00000478 00000000 ED 7A                623  adc hl,sp
      0000047A 00000000 ED 7B 00 00          624  ld sp,(nn)
      0000047E 00000000 ED A0                625  ldi
      00000480 00000000 ED A1                626  cpi
      00000482 00000000 ED A2                627  ini
      00000484 00000000 ED A3                628  outi
      00000486 00000000 ED A8                629  ldd
      00000488 00000000 ED A9                630  cpd
      0000048A 00000000 ED AA                631  ind
      0000048C 00000000 ED AB                632  outd
      0000048E 00000000 ED B0                633  ldir
      00000490 00000000 ED B1                634  cpir
      00000492 00000000 ED B2                635  inir
      00000494 00000000 ED B3                636  otir
      00000496 00000000 ED B8                637  lddr
      00000498 00000000 ED B9                638  cpdr
      0000049A 00000000 ED BA                639  indr
      0000049C 00000000 ED BB                640  otdr
      0000049E 00000000 FD 09                641  add iy,bc
      000004A0 00000000 FD 19                642  add iy,de
      000004A2 00000000 FD 21 00 00          643  ld iy,nn
      000004A6 00000000 FD 22 00 00          644  ld (nn),iy
      000004AA 00000000 FD 23                645  inc iy
      000004AC 00000000 FD 29                646  add iy,iy
      000004AE 00000000 FD 2A 00 00          647  ld iy,(nn)
      000004B2 00000000 FD 2B                648  dec iy
      000004B4 00000000 FD 34 00             649  inc (iy+ind)
      000004B7 00000000 FD 35 00             650  dec (iy+ind)
      000004BA 00000000 FD 36 00 00          651  ld (iy+ind),n
      000004BE 00000000 FD 39                652  add iy,sp
      000004C0 00000000 FD 46 00             653  ld b,(iy+ind)
      000004C3 00000000 FD 4E 00             654  ld c,(iy+ind)
      000004C6 00000000 FD 56 00             655  ld d,(iy+ind)
      000004C9 00000000 FD 5E 00             656  ld e,(iy+ind)
      000004CC 00000000 FD 66 00             657  ld h,(iy+ind)
      000004CF 00000000 FD 6E 00             658  ld l,(iy+ind)
      000004D2 00000000 FD 70 00             659  ld (iy+ind),b
      000004D5 00000000 FD 71 00             660  ld (iy+ind),c
      000004D8 00000000 FD 72 00             661  ld (iy+ind),d
      000004DB 00000000 FD 73 00             662  ld (iy+ind),e
      000004DE 00000000 FD 74 00             663  ld (iy+ind),h
      000004E1 00000000 FD 75 00             664  ld (iy+ind),l
      000004E4 00000000 FD 77 00             665  ld (iy+ind),a
      000004E7 00000000 FD 7E 00             666  ld a,(iy+ind)
      000004EA 00000000 FD 86 00             667  add a,(iy+ind)
      000004ED 00000000 FD 8E 00             668  adc a,(iy+ind)
      000004F0 00000000 FD 96 00             669  sub (iy+ind)
      000004F3 00000000 FD 9E 00             670  sbc a,(iy+ind)
      000004F6 00000000 FD A6 00             671  and (iy+ind)
      000004F9 00000000 FD AE 00             672  xor (iy+ind)
      000004FC 00000000 FD B6 00             673  or (iy+ind)
      000004FF 00000000 FD BE 00             674  cp (iy+ind)
      00000502 00000000 FD E1                675  pop iy
      00000504 00000000 FD E3                676  ex (sp),iy
      00000506 00000000 FD E5                677  push iy
      00000508 00000000 FD E9                678  jp (iy)
      0000050A 00000000 FD F9                679  ld sp,iy
      0000050C 00000000 FD CB 00 06          680  rlc (iy+ind)
      00000510 00000000 FD CB 00 0E          681  rrc (iy+ind)
      00000514 00000000 FD CB 00 16          682  rl (iy+ind)
      00000518 00000000 FD CB 00 1E          683  rr (iy+ind)
      0000051C 00000000 FD CB 00 26          684  sla (iy+ind)
      00000520 00000000 FD CB 00 2E          685  sra (iy+ind)
      00000524 00000000 FD CB 00 3E          686  srl (iy+ind)
      00000528 00000000 FD CB 00 46          687  bit 0,(iy+ind)
      0000052C 00000000 FD CB 00 4E          688  bit 1,(iy+ind)


                                                                allins                                                          Page 9


      Program  Variable Code              C Line Source
      -----------------------------------------------------------------------------------------------------------------------------------
      00000530 00000000 FD CB 00 56          689  bit 2,(iy+ind)
      00000534 00000000 FD CB 00 5E          690  bit 3,(iy+ind)
      00000538 00000000 FD CB 00 66          691  bit 4,(iy+ind)
      0000053C 00000000 FD CB 00 6E          692  bit 5,(iy+ind)
      00000540 00000000 FD CB 00 76          693  bit 6,(iy+ind)
      00000544 00000000 FD CB 00 7E          694  bit 7,(iy+ind)
      00000548 00000000 FD CB 00 86          695  res 0,(iy+ind)
      0000054C 00000000 FD CB 00 8E          696  res 1,(iy+ind)
      00000550 00000000 FD CB 00 96          697  res 2,(iy+ind)
      00000554 00000000 FD CB 00 9E          698  res 3,(iy+ind)
      00000558 00000000 FD CB 00 A6          699  res 4,(iy+ind)
      0000055C 00000000 FD CB 00 AE          700  res 5,(iy+ind)
      00000560 00000000 FD CB 00 B6          701  res 6,(iy+ind)
      00000564 00000000 FD CB 00 BE          702  res 7,(iy+ind)
      00000568 00000000 FD CB 00 C6          703  set 0,(iy+ind)
      0000056C 00000000 FD CB 00 CE          704  set 1,(iy+ind)
      00000570 00000000 FD CB 00 D6          705  set 2,(iy+ind)
      00000574 00000000 FD CB 00 DE          706  set 3,(iy+ind)
      00000578 00000000 FD CB 00 E6          707  set 4,(iy+ind)
      0000057C 00000000 FD CB 00 EE          708  set 5,(iy+ind)
      00000580 00000000 FD CB 00 F6          709  set 6,(iy+ind)
      00000584 00000000 FD CB 00 FE       +  710  set 7,(iy+ind)
