

                                                                allins                                                          Page 1


      Program  Variable Code              C Line Source
      -----------------------------------------------------------------------------------------------------------------------------------
      00000000 00000000                        1 !!!!!!!!!!!!!!!!!!!!!!!!!!!!!!!!!!!!!!!!!!!!!!!!!!!!!!!!!!!!!!!!!!!!!!!!!!!!!!!!
      00000000 00000000                        2 !                                                                              !
      00000000 00000000                        3 !                          8080 ASSEMBLER TEST FILE                            !
      00000000 00000000                        4 !                                                                              !
      00000000 00000000                        5 ! Contains all of the 8080 operations possible, in opcode numerical order.     !
      00000000 00000000                        6 ! Listing in this way has two advantages. One, it is easier to look up by      !
      00000000 00000000                        7 ! opcode, and two, it can be sorted into alphabetical order, whereas the       !
      00000000 00000000                        8 ! converse is not possible.                                                    !
      00000000 00000000                        9 !                                                                              !
      00000000 00000000                       10 ! This list was copied out of the Intel 8080 manual. To check proper           !
      00000000 00000000                       11 ! assembler operation, this file is assembled, a listing containing all        !
      00000000 00000000                       12 ! generated code is made, and the result hand checked verses the book.         !
      00000000 00000000                       13 !                                                                              !
      00000000 00000000                       14 !!!!!!!!!!!!!!!!!!!!!!!!!!!!!!!!!!!!!!!!!!!!!!!!!!!!!!!!!!!!!!!!!!!!!!!!!!!!!!!!
      00000000 00000000                       15 
      00000000 00000000 00                    16  nop
      00000001 00000000 01 22 11              17  lxi b,$1122
      00000004 00000000 02                    18  stax b
      00000005 00000000 03                    19  inx b
      00000006 00000000 04                    20  inr b
      00000007 00000000 05                    21  dcr b
      00000008 00000000 06 33                 22  mvi b,$33
      0000000A 00000000 07                    23  rlc
      0000000B 00000000 09                    24  dad b
      0000000C 00000000 0A                    25  ldax b
      0000000D 00000000 0B                    26  dcx b
      0000000E 00000000 0C                    27  inr c
      0000000F 00000000 0D                    28  dcr c
      00000010 00000000 0E 33                 29  mvi c,$33
      00000012 00000000 0F                    30  rrc
      00000013 00000000 11 22 11              31  lxi d,$1122
      00000016 00000000 12                    32  stax d
      00000017 00000000 13                    33  inx d
      00000018 00000000 14                    34  inr d
      00000019 00000000 15                    35  dcr d
      0000001A 00000000 16 33                 36  mvi d,$33
      0000001C 00000000 17                    37  ral
      0000001D 00000000 19                    38  dad d
      0000001E 00000000 1A                    39  ldax d
      0000001F 00000000 1B                    40  dcx d
      00000020 00000000 1C                    41  inr e
      00000021 00000000 1D                    42  dcr e
      00000022 00000000 1E 33                 43  mvi e,$33
      00000024 00000000 1F                    44  rar
      00000025 00000000 21 22 11              45  lxi h,$1122
      00000028 00000000 22 22 11              46  shld $1122
      0000002B 00000000 23                    47  inx h
      0000002C 00000000 24                    48  inr h
      0000002D 00000000 25                    49  dcr h
      0000002E 00000000 26 33                 50  mvi h,$33
      00000030 00000000 27                    51  daa
      00000031 00000000 29                    52  dad h
      00000032 00000000 2A 22 11              53  lhld $1122
      00000035 00000000 2B                    54  dcx h
      00000036 00000000 2C                    55  inr l
      00000037 00000000 2D                    56  dcr l
      00000038 00000000 2E 33                 57  mvi l,$33
      0000003A 00000000 2F                    58  cma
      0000003B 00000000 31 22 11              59  lxi sp,$1122
      0000003E 00000000 32 22 11              60  sta $1122
      00000041 00000000 33                    61  inx sp
      00000042 00000000 34                    62  inr m
      00000043 00000000 35                    63  dcr m
      00000044 00000000 36 22                 64  mvi m,$1122
      00000046 00000000 37                    65  stc
      00000047 00000000 39                    66  dad sp
      00000048 00000000 3A 22 11              67  lda $1122
      0000004B 00000000 3B                    68  dcx sp
      0000004C 00000000 3C                    69  inr a
      0000004D 00000000 3D                    70  dcr a
      0000004E 00000000 3E 33                 71  mvi a,$33
      00000050 00000000 3F                    72  cmc
      00000051 00000000 40                    73  mov b,b
      00000052 00000000 41                    74  mov b,c
      00000053 00000000 42                    75  mov b,d
      00000054 00000000 43                    76  mov b,e
      00000055 00000000 44                    77  mov b,h
      00000056 00000000 45                    78  mov b,l
      00000057 00000000 46                    79  mov b,m
      00000058 00000000 47                    80  mov b,a
      00000059 00000000 48                    81  mov c,b
      0000005A 00000000 49                    82  mov c,c
      0000005B 00000000 4A                    83  mov c,d
      0000005C 00000000 4B                    84  mov c,e
      0000005D 00000000 4C                    85  mov c,h
      0000005E 00000000 4D                    86  mov c,l


                                                                allins                                                          Page 2


      Program  Variable Code              C Line Source
      -----------------------------------------------------------------------------------------------------------------------------------
      0000005F 00000000 4E                    87  mov c,m
      00000060 00000000 4F                    88  mov c,a
      00000061 00000000 50                    89  mov d,b
      00000062 00000000 51                    90  mov d,c
      00000063 00000000 52                    91  mov d,d
      00000064 00000000 53                    92  mov d,e
      00000065 00000000 54                    93  mov d,h
      00000066 00000000 55                    94  mov d,l
      00000067 00000000 56                    95  mov d,m
      00000068 00000000 57                    96  mov d,a
      00000069 00000000 58                    97  mov e,b
      0000006A 00000000 59                    98  mov e,c
      0000006B 00000000 5A                    99  mov e,d
      0000006C 00000000 5B                   100  mov e,e
      0000006D 00000000 5C                   101  mov e,h
      0000006E 00000000 5D                   102  mov e,l
      0000006F 00000000 5E                   103  mov e,m
      00000070 00000000 5F                   104  mov e,a
      00000071 00000000 60                   105  mov h,b
      00000072 00000000 61                   106  mov h,c
      00000073 00000000 62                   107  mov h,d
      00000074 00000000 63                   108  mov h,e
      00000075 00000000 64                   109  mov h,h
      00000076 00000000 65                   110  mov h,l
      00000077 00000000 66                   111  mov h,m
      00000078 00000000 67                   112  mov h,a
      00000079 00000000 68                   113  mov l,b
      0000007A 00000000 69                   114  mov l,c
      0000007B 00000000 6A                   115  mov l,d
      0000007C 00000000 6B                   116  mov l,e
      0000007D 00000000 6C                   117  mov l,h
      0000007E 00000000 6D                   118  mov l,l
      0000007F 00000000 6E                   119  mov l,m
      00000080 00000000 6F                   120  mov l,a
      00000081 00000000 70                   121  mov m,b
      00000082 00000000 71                   122  mov m,c
      00000083 00000000 72                   123  mov m,d
      00000084 00000000 73                   124  mov m,e
      00000085 00000000 74                   125  mov m,h
      00000086 00000000 75                   126  mov m,l
      00000087 00000000 76                   127  hlt
      00000088 00000000 77                   128  mov m,a
      00000089 00000000 78                   129  mov a,b
      0000008A 00000000 79                   130  mov a,c
      0000008B 00000000 7A                   131  mov a,d
      0000008C 00000000 7B                   132  mov a,e
      0000008D 00000000 7C                   133  mov a,h
      0000008E 00000000 7D                   134  mov a,l
      0000008F 00000000 7E                   135  mov a,m
      00000090 00000000 7F                   136  mov a,a
      00000091 00000000 80                   137  add b
      00000092 00000000 81                   138  add c
      00000093 00000000 82                   139  add d
      00000094 00000000 83                   140  add e
      00000095 00000000 84                   141  add h
      00000096 00000000 85                   142  add l
      00000097 00000000 86                   143  add m
      00000098 00000000 87                   144  add a
      00000099 00000000 88                   145  adc b
      0000009A 00000000 89                   146  adc c
      0000009B 00000000 8A                   147  adc d
      0000009C 00000000 8B                   148  adc e
      0000009D 00000000 8C                   149  adc h
      0000009E 00000000 8D                   150  adc l
      0000009F 00000000 8E                   151  adc m
      000000A0 00000000 8F                   152  adc a
      000000A1 00000000 90                   153  sub b
      000000A2 00000000 91                   154  sub c
      000000A3 00000000 92                   155  sub d
      000000A4 00000000 93                   156  sub e
      000000A5 00000000 94                   157  sub h
      000000A6 00000000 95                   158  sub l
      000000A7 00000000 96                   159  sub m
      000000A8 00000000 97                   160  sub a
      000000A9 00000000 98                   161  sbb b
      000000AA 00000000 99                   162  sbb c
      000000AB 00000000 9A                   163  sbb d
      000000AC 00000000 9B                   164  sbb e
      000000AD 00000000 9C                   165  sbb h
      000000AE 00000000 9D                   166  sbb l
      000000AF 00000000 9E                   167  sbb m
      000000B0 00000000 9F                   168  sbb a
      000000B1 00000000 A0                   169  ana b
      000000B2 00000000 A1                   170  ana c
      000000B3 00000000 A2                   171  ana d
      000000B4 00000000 A3                   172  ana e


                                                                allins                                                          Page 3


      Program  Variable Code              C Line Source
      -----------------------------------------------------------------------------------------------------------------------------------
      000000B5 00000000 A4                   173  ana h
      000000B6 00000000 A5                   174  ana l
      000000B7 00000000 A6                   175  ana m
      000000B8 00000000 A7                   176  ana a
      000000B9 00000000 A8                   177  xra b
      000000BA 00000000 A9                   178  xra c
      000000BB 00000000 AA                   179  xra d
      000000BC 00000000 AB                   180  xra e
      000000BD 00000000 AC                   181  xra h
      000000BE 00000000 AD                   182  xra l
      000000BF 00000000 AE                   183  xra m
      000000C0 00000000 AF                   184  xra a
      000000C1 00000000 B0                   185  ora b
      000000C2 00000000 B1                   186  ora c
      000000C3 00000000 B2                   187  ora d
      000000C4 00000000 B3                   188  ora e
      000000C5 00000000 B4                   189  ora h
      000000C6 00000000 B5                   190  ora l
      000000C7 00000000 B6                   191  ora m
      000000C8 00000000 B7                   192  ora a
      000000C9 00000000 B8                   193  cmp b
      000000CA 00000000 B9                   194  cmp c
      000000CB 00000000 BA                   195  cmp d
      000000CC 00000000 BB                   196  cmp e
      000000CD 00000000 BC                   197  cmp h
      000000CE 00000000 BD                   198  cmp l
      000000CF 00000000 BE                   199  cmp m
      000000D0 00000000 BF                   200  cmp a
      000000D1 00000000 C0                   201  rnz
      000000D2 00000000 C1                   202  pop b
      000000D3 00000000 C2 22 11             203  jnz $1122
      000000D6 00000000 C3 22 11             204  jmp $1122
      000000D9 00000000 C4 22 11             205  cnz $1122
      000000DC 00000000 C5                   206  push b
      000000DD 00000000 C6 33                207  adi $33
      000000DF 00000000 C7                   208  rst 0
      000000E0 00000000 C8                   209  rz
      000000E1 00000000 C9                   210  ret
      000000E2 00000000 CA 22 11             211  jz $1122
      000000E5 00000000 CC 22 11             212  cz $1122
      000000E8 00000000 CD 22 11             213  call $1122
      000000EB 00000000 CE 33                214  aci $33
      000000ED 00000000 CF                   215  rst 1
      000000EE 00000000 D0                   216  rnc
      000000EF 00000000 D1                   217  pop d
      000000F0 00000000 D2 22 11             218  jnc $1122
      000000F3 00000000 D3 33                219  out $33
      000000F5 00000000 D4 22 11             220  cnc $1122
      000000F8 00000000 D5                   221  push d
      000000F9 00000000 D6 33                222  sui $33
      000000FB 00000000 D7                   223  rst 2
      000000FC 00000000 D8                   224  rc
      000000FD 00000000 DA 22 11             225  jc $1122
      00000100 00000000 DB 33                226  in $33
      00000102 00000000 DC 22 11             227  cc $1122
      00000105 00000000 DE 33                228  sbi $33
      00000107 00000000 DF                   229  rst 3
      00000108 00000000 E0                   230  rpo
      00000109 00000000 E1                   231  pop h
      0000010A 00000000 E2 22 11             232  jpo $1122
      0000010D 00000000 E3                   233  xthl
      0000010E 00000000 E4 22 11             234  cpo $1122
      00000111 00000000 E5                   235  push h
      00000112 00000000 E6 33                236  ani $33
      00000114 00000000 E7                   237  rst 4
      00000115 00000000 E8                   238  rpe
      00000116 00000000 E9                   239  pchl
      00000117 00000000 EA 22 11             240  jpe $1122
      0000011A 00000000 EB                   241  xchg
      0000011B 00000000 EC 22 11             242  cpe $1122
      0000011E 00000000 EE 33                243  xri $33
      00000120 00000000 EF                   244  rst 5
      00000121 00000000 F0                   245  rp
      00000122 00000000 F1                   246  pop psw
      00000123 00000000 F2 22 11             247  jp $1122
      00000126 00000000 F3                   248  di
      00000127 00000000 F4 22 11             249  cp $1122
      0000012A 00000000 F5                   250  push psw
      0000012B 00000000 F6 33                251  ori $33
      0000012D 00000000 F7                   252  rst 6
      0000012E 00000000 F8                   253  rm
      0000012F 00000000 F9                   254  sphl
      00000130 00000000 FA 22 11             255  jm $1122
      00000133 00000000 FB                   256  ei
      00000134 00000000 FC 22 11             257  cm $1122
      00000137 00000000 FE 33                258  cpi $33


                                                                allins                                                          Page 4


      Program  Variable Code              C Line Source
      -----------------------------------------------------------------------------------------------------------------------------------
      00000139 00000000 FF                +  259  rst 7
